<?xml version="1.0" encoding="UTF-8"?>
<!-- Generated by org.testng.reporters.JUnitReportReporter -->
<testsuite hostname="Shahin-PC" name="com.pa.tests.DemoTest" tests="4" failures="0" timestamp="13 Sep 2019 05:08:40 GMT" time="0.016" errors="0">
  <testcase name="div" time="0.000" classname="com.pa.tests.DemoTest"/>
  <testcase name="sub" time="0.000" classname="com.pa.tests.DemoTest"/>
  <testcase name="sum" time="0.000" classname="com.pa.tests.DemoTest"/>
  <testcase name="multi" time="0.016" classname="com.pa.tests.DemoTest"/>
</testsuite> <!-- com.pa.tests.DemoTest -->
