<?xml version="1.0" encoding="UTF-8"?>
<!-- Generated by org.testng.reporters.JUnitReportReporter -->
<testsuite hostname="Shahin-PC" name="com.pa.tests.DemoTest1" tests="4" failures="0" timestamp="14 Sep 2019 18:00:11 GMT" time="0.002" errors="0">
  <testcase name="div" time="0.001" classname="com.pa.tests.DemoTest1"/>
  <testcase name="sub" time="0.001" classname="com.pa.tests.DemoTest1"/>
  <testcase name="sum" time="0.000" classname="com.pa.tests.DemoTest1"/>
  <testcase name="multi" time="0.000" classname="com.pa.tests.DemoTest1"/>
</testsuite> <!-- com.pa.tests.DemoTest1 -->
